<?xml version="1.0" encoding="UTF-8"?>
<testng-results ignored="0" total="1" passed="1" failed="0" skipped="0">
  <reporter-output>
  </reporter-output>
  <suite started-at="2026-06-13T23:21:38 IST" name="Suite" finished-at="2026-06-13T23:21:47 IST" duration-ms="9225">
    <groups>
    </groups>
    <test started-at="2026-06-13T23:21:38 IST" name="Test" finished-at="2026-06-13T23:21:47 IST" duration-ms="9225">
      <class name="crm.automation.testcases.TC01_Login_with_Credentials">
        <test-method is-config="true" signature="setupSuit()[pri:0, instance:crm.automation.testcases.TC01_Login_with_Credentials@6a78afa0]" started-at="2026-06-13T23:21:37 IST" name="setupSuit" finished-at="2026-06-13T23:21:38 IST" duration-ms="1509" status="PASS">
          <reporter-output>
          </reporter-output>
        </test-method> <!-- setupSuit -->
        <test-method is-config="true" signature="browserlaunch(java.lang.String)[pri:0, instance:crm.automation.testcases.TC01_Login_with_Credentials@6a78afa0]" started-at="2026-06-13T23:21:38 IST" name="browserlaunch" finished-at="2026-06-13T23:21:44 IST" duration-ms="6274" status="PASS">
          <params>
            <param index="0">
              <value>
                <![CDATA[chrome]]>
              </value>
            </param>
          </params>
          <reporter-output>
          </reporter-output>
        </test-method> <!-- browserlaunch -->
        <test-method signature="loginWithCRMCrdentials()[pri:0, instance:crm.automation.testcases.TC01_Login_with_Credentials@6a78afa0]" started-at="2026-06-13T23:21:44 IST" name="loginWithCRMCrdentials" finished-at="2026-06-13T23:21:45 IST" duration-ms="711" status="PASS">
          <reporter-output>
          </reporter-output>
        </test-method> <!-- loginWithCRMCrdentials -->
        <test-method is-config="true" signature="tearDownMethod(org.testng.ITestResult)[pri:0, instance:crm.automation.testcases.TC01_Login_with_Credentials@6a78afa0]" started-at="2026-06-13T23:21:45 IST" name="tearDownMethod" finished-at="2026-06-13T23:21:46 IST" duration-ms="801" status="PASS">
          <params>
            <param index="0">
              <value>
                <![CDATA[[TestResult name=loginWithCRMCrdentials status=SUCCESS method=TC01_Login_with_Credentials.loginWithCRMCrdentials()[pri:0, instance:crm.automation.testcases.TC01_Login_with_Credentials@6a78afa0] output={null}]]]>
              </value>
            </param>
          </params>
          <reporter-output>
          </reporter-output>
        </test-method> <!-- tearDownMethod -->
        <test-method is-config="true" signature="browserquit()[pri:0, instance:crm.automation.testcases.TC01_Login_with_Credentials@6a78afa0]" started-at="2026-06-13T23:21:46 IST" name="browserquit" finished-at="2026-06-13T23:21:47 IST" duration-ms="1366" status="PASS">
          <reporter-output>
          </reporter-output>
        </test-method> <!-- browserquit -->
      </class> <!-- crm.automation.testcases.TC01_Login_with_Credentials -->
    </test> <!-- Test -->
  </suite> <!-- Suite -->
</testng-results>
